nohup: ignoring input

> zerodha-trade-copier@0.1.0 start
> node src/server.js

Trade copier listening on http://0.0.0.0:8787 (dry_run=true)
[2026-03-24T03:43:52.314Z] follower account authenticated {
  account: 'follower',
  userId: 'QKR315',
  loginTime: '2026-03-24 09:13:51'
}
[2026-03-24T07:37:29.141Z] leader account authenticated {
  account: 'leader',
  userId: 'FEK088',
  loginTime: '2026-03-24 09:12:31'
}
[2026-03-24T07:37:29.142Z] Connecting to leader order stream { userId: 'FEK088' }
[2026-03-24T07:37:29.209Z] Leader order stream connected { userId: 'FEK088' }
[2026-03-24T07:43:04.825Z] Follower order blocked by policy {
  orderId: '260324151526489',
  reasons: [ 'Quantity 65 exceeds MAX_QUANTITY_PER_ORDER=10.' ]
}
[2026-03-24T07:45:46.328Z] Follower order blocked by policy {
  orderId: '260324151540814',
  reasons: [ 'Quantity 65 exceeds MAX_QUANTITY_PER_ORDER=10.' ]
}
[2026-03-24T08:46:44.287Z] Follower order blocked by policy {
  orderId: '260324151828538',
  reasons: [ 'Quantity 845 exceeds MAX_QUANTITY_PER_ORDER=10.' ]
}
[2026-03-24T08:46:58.751Z] Follower order blocked by policy {
  orderId: '260324151831015',
  reasons: [ 'Quantity 845 exceeds MAX_QUANTITY_PER_ORDER=10.' ]
}
[2026-03-25T01:36:18.382Z] Leader order stream closed { code: 1006, reason: 'No reason provided' }
[2026-03-25T01:36:18.383Z] Reconnecting in 2s (attempt 1) 
[2026-03-25T01:36:20.385Z] Leader token expired (age: 17h 58m). Re-authenticate to resume. { userId: 'FEK088', tokenAge: '17h 58m' }
[2026-03-25T03:36:59.830Z] follower account authenticated {
  account: 'follower',
  userId: 'QKR315',
  loginTime: '2026-03-25 09:06:59'
}
